<?xml version="1.0" encoding="UTF-8"?>
<!-- Generated by org.testng.reporters.JUnitReportReporter -->
<testsuite hostname="AEADLT15708" failures="0" tests="2" name="DivyaJain.SeleniumFrameworkDesign.tests.ErrorValidations" time="42.895" errors="0" timestamp="2024-09-23T09:40:17 GST" skipped="0">
  <testcase classname="DivyaJain.SeleniumFrameworkDesign.tests.ErrorValidations" name="StandAloneTest" time="16.828"/>
  <testcase classname="DivyaJain.SeleniumFrameworkDesign.tests.ErrorValidations" name="ProductErrorValidation" time="26.067"/>
</testsuite> <!-- DivyaJain.SeleniumFrameworkDesign.tests.ErrorValidations -->
