<?xml version="1.0" encoding="UTF-8"?>
<!-- Generated by org.testng.reporters.JUnitReportReporter -->
<testsuite hostname="AEADLT15708" failures="0" tests="2" name="Test.Day3" time="0.003" errors="0" timestamp="2024-09-18T15:34:59 GST" skipped="0">
  <testcase classname="Test.Day3" name="demo5" time="0.002"/>
  <system-out/>
  <testcase classname="Test.Day3" name="demo6" time="0.001"/>
  <system-out/>
</testsuite> <!-- Test.Day3 -->
