<?xml version="1.0" encoding="UTF-8"?>
<!-- Generated by org.testng.reporters.JUnitReportReporter -->
<testsuite hostname="AEADLT15708" failures="0" tests="1" name="Test.Day2" time="0.007" errors="0" timestamp="2024-09-18T15:34:59 GST" skipped="0">
  <testcase classname="Test.Day2" name="demo3" time="0.007"/>
  <system-out/>
</testsuite> <!-- Test.Day2 -->
