<?xml version="1.0" encoding="UTF-8"?>
<!-- Generated by org.testng.reporters.JUnitReportReporter -->
<testsuite hostname="AEADLT15708" failures="0" tests="1" name="Test.PS1" time="0.010" errors="0" timestamp="2024-09-12T15:53:40 GST" skipped="0">
  <testcase classname="Test.PS1" name="test" time="0.010"/>
  <system-out/>
</testsuite> <!-- Test.PS1 -->
