<?xml version="1.0" encoding="UTF-8"?>
<!-- Generated by org.testng.reporters.JUnitReportReporter -->
<testsuite hostname="AEADLT15708" failures="0" tests="4" name="Test.Day1" time="0.010" errors="0" timestamp="2024-09-18T15:34:59 GST" skipped="0">
  <testcase classname="Test.Day1" name="demo" time="0.007"/>
  <system-out/>
  <testcase classname="Test.Day1" name="demo" time="0.001"/>
  <system-out/>
  <testcase classname="Test.Day1" name="demo" time="0.001"/>
  <system-out/>
  <testcase classname="Test.Day1" name="demo1" time="0.001"/>
  <system-out/>
</testsuite> <!-- Test.Day1 -->
