<?xml version="1.0" encoding="UTF-8"?>
<!-- Generated by org.testng.reporters.JUnitReportReporter -->
<testsuite hostname="AEADLT15708" failures="0" tests="2" name="Day1" time="0.011" errors="0" timestamp="2024-09-09T10:35:53 GST" skipped="0">
  <testcase classname="Day1" name="demo1" time="0.001"/>
  <system-out/>
  <testcase classname="Day1" name="demo" time="0.010"/>
  <system-out/>
</testsuite> <!-- Day1 -->
