<?xml version="1.0" encoding="UTF-8"?>
<!-- Generated by org.testng.reporters.JUnitReportReporter -->
<testsuite hostname="AEADLT15708" failures="0" tests="2" name="Test.Day4" time="0.001" errors="0" timestamp="2024-09-18T15:34:59 GST" skipped="0">
  <testcase classname="Test.Day4" name="demo8" time="0.001"/>
  <system-out/>
  <testcase classname="Test.Day4" name="demo7" time="0.000"/>
  <system-out/>
</testsuite> <!-- Test.Day4 -->
