<?xml version="1.0" encoding="UTF-8"?>
<!-- Generated by org.testng.reporters.JUnitReportReporter -->
<testsuite hostname="AEADLT15708" failures="0" tests="1" name="Test.ExtentReportsDemo" time="10.019" errors="0" timestamp="2024-09-20T12:32:24 GST" skipped="0">
  <testcase classname="Test.ExtentReportsDemo" name="baseTest" time="10.019"/>
  <system-out/>
</testsuite> <!-- Test.ExtentReportsDemo -->
